<?xml version="1.0" encoding="UTF-8"?>
<testsuite name="com.quind.prueba.tecnica.usecase.SpecificationImplementationTest" tests="9" skipped="0" failures="0" errors="0" timestamp="2024-04-21T21:31:58" hostname="user-VivoBook-ASUSLaptop-X415EA-X415EA" time="0.045">
  <properties/>
  <testcase name="validateDeleteTask_TaskCannotBeDeletedDueToStatus_ThrowsException()" classname="com.quind.prueba.tecnica.usecase.SpecificationImplementationTest" time="0.02"/>
  <testcase name="updateTaskValidations_HighPriorityAndInProgress_ThrowsException()" classname="com.quind.prueba.tecnica.usecase.SpecificationImplementationTest" time="0.003"/>
  <testcase name="updateTaskValidations_TaskFinalized_ThrowsException()" classname="com.quind.prueba.tecnica.usecase.SpecificationImplementationTest" time="0.003"/>
  <testcase name="updateTaskValidations_EndDatePassedAndStatusNotCanceled_ThrowsException()" classname="com.quind.prueba.tecnica.usecase.SpecificationImplementationTest" time="0.002"/>
  <testcase name="updateTaskValidations_EndDateBeforeStartDate_ThrowsException()" classname="com.quind.prueba.tecnica.usecase.SpecificationImplementationTest" time="0.001"/>
  <testcase name="validateDeleteTask_TaskCanBeDeleted_NoException()" classname="com.quind.prueba.tecnica.usecase.SpecificationImplementationTest" time="0.005"/>
  <testcase name="createTaskValidations_CommentTooLong_ThrowsException()" classname="com.quind.prueba.tecnica.usecase.SpecificationImplementationTest" time="0.002"/>
  <testcase name="createTaskValidations_ValidTask_NoException()" classname="com.quind.prueba.tecnica.usecase.SpecificationImplementationTest" time="0.002"/>
  <testcase name="createTaskValidations_BeginDateBeforeCurrent_ThrowsException()" classname="com.quind.prueba.tecnica.usecase.SpecificationImplementationTest" time="0.002"/>
  <system-out><![CDATA[]]></system-out>
  <system-err><![CDATA[]]></system-err>
</testsuite>
